mode: set
github.com/ionos-cloud/ionosctl/pkg/resources/backupunit.go:42.83,47.2 1 1
github.com/ionos-cloud/ionosctl/pkg/resources/backupunit.go:49.69,53.2 3 1
github.com/ionos-cloud/ionosctl/pkg/resources/backupunit.go:55.87,59.2 3 1
github.com/ionos-cloud/ionosctl/pkg/resources/backupunit.go:61.96,65.2 3 1
github.com/ionos-cloud/ionosctl/pkg/resources/backupunit.go:67.83,71.2 3 1
github.com/ionos-cloud/ionosctl/pkg/resources/backupunit.go:73.118,77.2 3 1
github.com/ionos-cloud/ionosctl/pkg/resources/backupunit.go:79.77,83.2 3 1
github.com/ionos-cloud/ionosctl/pkg/resources/datacenter.go:41.83,46.2 1 1
github.com/ionos-cloud/ionosctl/pkg/resources/datacenter.go:48.70,52.2 3 1
github.com/ionos-cloud/ionosctl/pkg/resources/datacenter.go:54.88,58.2 3 1
github.com/ionos-cloud/ionosctl/pkg/resources/datacenter.go:60.104,71.2 4 1
github.com/ionos-cloud/ionosctl/pkg/resources/datacenter.go:73.119,77.2 3 1
github.com/ionos-cloud/ionosctl/pkg/resources/datacenter.go:79.78,83.2 3 1
github.com/ionos-cloud/ionosctl/pkg/resources/location.go:31.79,36.2 1 0
github.com/ionos-cloud/ionosctl/pkg/resources/location.go:38.65,42.2 3 0
github.com/ionos-cloud/ionosctl/pkg/resources/location.go:44.112,48.2 3 0
github.com/ionos-cloud/ionosctl/pkg/resources/location.go:50.89,54.2 3 0
github.com/ionos-cloud/ionosctl/pkg/resources/server.go:52.75,57.2 1 1
github.com/ionos-cloud/ionosctl/pkg/resources/server.go:59.81,63.2 3 1
github.com/ionos-cloud/ionosctl/pkg/resources/server.go:65.90,69.2 3 1
github.com/ionos-cloud/ionosctl/pkg/resources/server.go:71.124,84.2 4 1
github.com/ionos-cloud/ionosctl/pkg/resources/server.go:86.117,90.2 3 1
github.com/ionos-cloud/ionosctl/pkg/resources/server.go:92.84,96.2 3 1
github.com/ionos-cloud/ionosctl/pkg/resources/server.go:98.83,102.2 3 0
github.com/ionos-cloud/ionosctl/pkg/resources/server.go:104.82,108.2 3 0
github.com/ionos-cloud/ionosctl/pkg/resources/server.go:110.84,114.2 3 0
github.com/ionos-cloud/ionosctl/pkg/resources/server.go:116.106,120.2 3 0
github.com/ionos-cloud/ionosctl/pkg/resources/server.go:122.109,127.2 4 0
github.com/ionos-cloud/ionosctl/pkg/resources/server.go:129.106,133.2 3 0
github.com/ionos-cloud/ionosctl/pkg/resources/server.go:135.100,139.2 3 0
github.com/ionos-cloud/ionosctl/pkg/resources/server.go:141.96,145.2 3 0
github.com/ionos-cloud/ionosctl/pkg/resources/server.go:147.106,151.2 3 0
github.com/ionos-cloud/ionosctl/pkg/resources/server.go:153.103,157.2 3 0
github.com/ionos-cloud/ionosctl/pkg/resources/server.go:159.98,163.2 3 0
github.com/ionos-cloud/ionosctl/pkg/resources/firewallrule.go:37.87,42.2 1 1
github.com/ionos-cloud/ionosctl/pkg/resources/firewallrule.go:44.111,48.2 3 1
github.com/ionos-cloud/ionosctl/pkg/resources/firewallrule.go:50.126,54.2 3 1
github.com/ionos-cloud/ionosctl/pkg/resources/firewallrule.go:56.133,60.2 3 1
github.com/ionos-cloud/ionosctl/pkg/resources/firewallrule.go:62.159,66.2 3 1
github.com/ionos-cloud/ionosctl/pkg/resources/firewallrule.go:68.114,72.2 3 1
github.com/ionos-cloud/ionosctl/pkg/resources/group.go:66.73,71.2 1 1
github.com/ionos-cloud/ionosctl/pkg/resources/group.go:73.59,77.2 3 1
github.com/ionos-cloud/ionosctl/pkg/resources/group.go:79.72,83.2 3 1
github.com/ionos-cloud/ionosctl/pkg/resources/group.go:85.68,89.2 3 1
github.com/ionos-cloud/ionosctl/pkg/resources/group.go:91.88,95.2 3 1
github.com/ionos-cloud/ionosctl/pkg/resources/group.go:97.67,101.2 3 1
github.com/ionos-cloud/ionosctl/pkg/resources/group.go:105.84,109.2 3 1
github.com/ionos-cloud/ionosctl/pkg/resources/group.go:111.87,115.2 3 1
github.com/ionos-cloud/ionosctl/pkg/resources/group.go:117.79,121.2 3 1
github.com/ionos-cloud/ionosctl/pkg/resources/group.go:125.84,129.2 3 1
github.com/ionos-cloud/ionosctl/pkg/resources/group.go:131.94,135.2 3 1
github.com/ionos-cloud/ionosctl/pkg/resources/group.go:137.112,141.2 3 1
github.com/ionos-cloud/ionosctl/pkg/resources/group.go:143.115,147.2 3 1
github.com/ionos-cloud/ionosctl/pkg/resources/group.go:149.84,153.2 3 1
github.com/ionos-cloud/ionosctl/pkg/resources/group.go:157.90,161.2 3 1
github.com/ionos-cloud/ionosctl/pkg/resources/ipblock.go:41.77,46.2 1 1
github.com/ionos-cloud/ionosctl/pkg/resources/ipblock.go:48.65,52.2 3 1
github.com/ionos-cloud/ionosctl/pkg/resources/ipblock.go:54.80,58.2 3 1
github.com/ionos-cloud/ionosctl/pkg/resources/ipblock.go:60.100,67.16 2 1
github.com/ionos-cloud/ionosctl/pkg/resources/ipblock.go:70.2,72.48 3 1
github.com/ionos-cloud/ionosctl/pkg/resources/ipblock.go:67.16,69.3 1 1
github.com/ionos-cloud/ionosctl/pkg/resources/ipblock.go:75.108,79.2 3 1
github.com/ionos-cloud/ionosctl/pkg/resources/ipblock.go:81.73,85.2 3 1
github.com/ionos-cloud/ionosctl/pkg/resources/user.go:64.71,69.2 1 1
github.com/ionos-cloud/ionosctl/pkg/resources/user.go:71.57,75.2 3 1
github.com/ionos-cloud/ionosctl/pkg/resources/user.go:77.69,81.2 3 1
github.com/ionos-cloud/ionosctl/pkg/resources/user.go:83.69,87.2 3 1
github.com/ionos-cloud/ionosctl/pkg/resources/user.go:89.87,93.2 3 1
github.com/ionos-cloud/ionosctl/pkg/resources/user.go:95.65,99.2 3 1
github.com/ionos-cloud/ionosctl/pkg/resources/user.go:101.70,105.2 3 1
github.com/ionos-cloud/ionosctl/pkg/resources/user.go:107.94,111.2 3 1
github.com/ionos-cloud/ionosctl/pkg/resources/user.go:113.110,117.2 3 1
github.com/ionos-cloud/ionosctl/pkg/resources/volume.go:40.75,45.2 1 1
github.com/ionos-cloud/ionosctl/pkg/resources/volume.go:47.81,51.2 3 1
github.com/ionos-cloud/ionosctl/pkg/resources/volume.go:53.90,57.2 3 1
github.com/ionos-cloud/ionosctl/pkg/resources/volume.go:59.97,63.2 3 1
github.com/ionos-cloud/ionosctl/pkg/resources/volume.go:65.117,69.2 3 1
github.com/ionos-cloud/ionosctl/pkg/resources/volume.go:71.84,75.2 3 1
github.com/ionos-cloud/ionosctl/pkg/resources/contract.go:25.79,30.2 1 0
github.com/ionos-cloud/ionosctl/pkg/resources/contract.go:32.63,36.2 3 0
github.com/ionos-cloud/ionosctl/pkg/resources/k8s.go:113.68,118.2 1 1
github.com/ionos-cloud/ionosctl/pkg/resources/k8s.go:120.69,124.2 3 1
github.com/ionos-cloud/ionosctl/pkg/resources/k8s.go:126.83,130.2 3 1
github.com/ionos-cloud/ionosctl/pkg/resources/k8s.go:132.89,136.2 3 1
github.com/ionos-cloud/ionosctl/pkg/resources/k8s.go:138.110,142.2 3 1
github.com/ionos-cloud/ionosctl/pkg/resources/k8s.go:144.73,148.2 3 1
github.com/ionos-cloud/ionosctl/pkg/resources/k8s.go:150.89,154.2 3 1
github.com/ionos-cloud/ionosctl/pkg/resources/k8s.go:156.87,160.2 3 1
github.com/ionos-cloud/ionosctl/pkg/resources/k8s.go:162.97,166.2 3 1
github.com/ionos-cloud/ionosctl/pkg/resources/k8s.go:168.117,172.2 3 1
github.com/ionos-cloud/ionosctl/pkg/resources/k8s.go:174.128,178.2 3 1
github.com/ionos-cloud/ionosctl/pkg/resources/k8s.go:180.86,184.2 3 1
github.com/ionos-cloud/ionosctl/pkg/resources/k8s.go:186.90,190.2 3 1
github.com/ionos-cloud/ionosctl/pkg/resources/k8s.go:192.92,196.2 3 1
github.com/ionos-cloud/ionosctl/pkg/resources/k8s.go:198.97,202.2 3 1
github.com/ionos-cloud/ionosctl/pkg/resources/k8s.go:204.91,208.2 3 1
github.com/ionos-cloud/ionosctl/pkg/resources/k8s.go:210.66,214.2 3 1
github.com/ionos-cloud/ionosctl/pkg/resources/k8s.go:216.62,220.2 3 1
github.com/ionos-cloud/ionosctl/pkg/resources/label.go:58.89,63.2 1 1
github.com/ionos-cloud/ionosctl/pkg/resources/label.go:65.88,69.2 3 1
github.com/ionos-cloud/ionosctl/pkg/resources/label.go:71.69,75.2 3 1
github.com/ionos-cloud/ionosctl/pkg/resources/label.go:77.106,81.2 3 1
github.com/ionos-cloud/ionosctl/pkg/resources/label.go:83.110,87.2 3 1
github.com/ionos-cloud/ionosctl/pkg/resources/label.go:89.120,99.2 4 1
github.com/ionos-cloud/ionosctl/pkg/resources/label.go:101.97,105.2 3 1
github.com/ionos-cloud/ionosctl/pkg/resources/label.go:107.112,111.2 3 1
github.com/ionos-cloud/ionosctl/pkg/resources/label.go:113.116,117.2 3 1
github.com/ionos-cloud/ionosctl/pkg/resources/label.go:119.126,129.2 4 1
github.com/ionos-cloud/ionosctl/pkg/resources/label.go:131.103,135.2 3 1
github.com/ionos-cloud/ionosctl/pkg/resources/label.go:137.112,141.2 3 1
github.com/ionos-cloud/ionosctl/pkg/resources/label.go:143.116,147.2 3 1
github.com/ionos-cloud/ionosctl/pkg/resources/label.go:149.126,159.2 4 1
github.com/ionos-cloud/ionosctl/pkg/resources/label.go:161.103,165.2 3 1
github.com/ionos-cloud/ionosctl/pkg/resources/label.go:167.100,171.2 3 1
github.com/ionos-cloud/ionosctl/pkg/resources/label.go:173.104,177.2 3 1
github.com/ionos-cloud/ionosctl/pkg/resources/label.go:179.114,189.2 4 1
github.com/ionos-cloud/ionosctl/pkg/resources/label.go:191.91,195.2 3 1
github.com/ionos-cloud/ionosctl/pkg/resources/label.go:197.102,201.2 3 1
github.com/ionos-cloud/ionosctl/pkg/resources/label.go:203.106,207.2 3 1
github.com/ionos-cloud/ionosctl/pkg/resources/label.go:209.116,219.2 4 1
github.com/ionos-cloud/ionosctl/pkg/resources/label.go:221.93,225.2 3 1
github.com/ionos-cloud/ionosctl/pkg/resources/lan.go:45.69,50.2 1 1
github.com/ionos-cloud/ionosctl/pkg/resources/lan.go:52.75,56.2 3 1
github.com/ionos-cloud/ionosctl/pkg/resources/lan.go:58.81,62.2 3 1
github.com/ionos-cloud/ionosctl/pkg/resources/lan.go:64.96,68.2 3 1
github.com/ionos-cloud/ionosctl/pkg/resources/lan.go:70.105,74.2 3 1
github.com/ionos-cloud/ionosctl/pkg/resources/lan.go:76.78,80.2 3 1
github.com/ionos-cloud/ionosctl/pkg/resources/pcc.go:42.85,47.2 1 1
github.com/ionos-cloud/ionosctl/pkg/resources/pcc.go:49.71,53.2 3 1
github.com/ionos-cloud/ionosctl/pkg/resources/pcc.go:55.82,59.2 3 1
github.com/ionos-cloud/ionosctl/pkg/resources/pcc.go:61.74,65.16 4 1
github.com/ionos-cloud/ionosctl/pkg/resources/pcc.go:68.2,68.70 1 0
github.com/ionos-cloud/ionosctl/pkg/resources/pcc.go:75.2,75.37 1 0
github.com/ionos-cloud/ionosctl/pkg/resources/pcc.go:65.16,67.3 1 1
github.com/ionos-cloud/ionosctl/pkg/resources/pcc.go:68.70,69.57 1 0
github.com/ionos-cloud/ionosctl/pkg/resources/pcc.go:69.57,70.26 1 0
github.com/ionos-cloud/ionosctl/pkg/resources/pcc.go:70.26,72.5 1 0
github.com/ionos-cloud/ionosctl/pkg/resources/pcc.go:78.94,82.2 3 1
github.com/ionos-cloud/ionosctl/pkg/resources/pcc.go:84.122,88.2 3 1
github.com/ionos-cloud/ionosctl/pkg/resources/pcc.go:90.63,94.2 3 1
github.com/ionos-cloud/ionosctl/pkg/resources/s3key.go:33.73,38.2 1 1
github.com/ionos-cloud/ionosctl/pkg/resources/s3key.go:40.72,44.2 3 1
github.com/ionos-cloud/ionosctl/pkg/resources/s3key.go:46.78,50.2 3 1
github.com/ionos-cloud/ionosctl/pkg/resources/s3key.go:52.74,56.2 3 1
github.com/ionos-cloud/ionosctl/pkg/resources/s3key.go:58.92,62.2 3 1
github.com/ionos-cloud/ionosctl/pkg/resources/s3key.go:64.73,68.2 3 1
github.com/ionos-cloud/ionosctl/pkg/resources/snapshot.go:38.79,43.2 1 1
github.com/ionos-cloud/ionosctl/pkg/resources/snapshot.go:45.65,49.2 3 1
github.com/ionos-cloud/ionosctl/pkg/resources/snapshot.go:51.81,55.2 3 1
github.com/ionos-cloud/ionosctl/pkg/resources/snapshot.go:57.152,61.2 3 1
github.com/ionos-cloud/ionosctl/pkg/resources/snapshot.go:63.117,67.2 3 1
github.com/ionos-cloud/ionosctl/pkg/resources/snapshot.go:69.98,73.2 3 0
github.com/ionos-cloud/ionosctl/pkg/resources/snapshot.go:75.73,79.2 3 1
github.com/ionos-cloud/ionosctl/pkg/resources/client.go:29.76,30.15 1 1
github.com/ionos-cloud/ionosctl/pkg/resources/client.go:33.2,33.46 1 1
github.com/ionos-cloud/ionosctl/pkg/resources/client.go:36.2,48.8 2 1
github.com/ionos-cloud/ionosctl/pkg/resources/client.go:30.15,32.3 1 1
github.com/ionos-cloud/ionosctl/pkg/resources/client.go:33.46,35.3 1 1
github.com/ionos-cloud/ionosctl/pkg/resources/client.go:51.38,55.2 1 1
github.com/ionos-cloud/ionosctl/pkg/resources/client.go:57.50,61.2 1 1
github.com/ionos-cloud/ionosctl/pkg/resources/image.go:36.73,41.2 1 0
github.com/ionos-cloud/ionosctl/pkg/resources/image.go:43.59,47.2 3 0
github.com/ionos-cloud/ionosctl/pkg/resources/image.go:49.72,53.2 3 0
github.com/ionos-cloud/ionosctl/pkg/resources/image.go:55.100,59.2 3 0
github.com/ionos-cloud/ionosctl/pkg/resources/image.go:61.67,65.2 3 0
github.com/ionos-cloud/ionosctl/pkg/resources/loadbalancer.go:41.87,46.2 1 1
github.com/ionos-cloud/ionosctl/pkg/resources/loadbalancer.go:48.93,52.2 3 1
github.com/ionos-cloud/ionosctl/pkg/resources/loadbalancer.go:54.108,58.2 3 1
github.com/ionos-cloud/ionosctl/pkg/resources/loadbalancer.go:60.112,70.2 4 1
github.com/ionos-cloud/ionosctl/pkg/resources/loadbalancer.go:72.141,76.2 3 1
github.com/ionos-cloud/ionosctl/pkg/resources/loadbalancer.go:78.96,82.2 3 1
github.com/ionos-cloud/ionosctl/pkg/resources/loadbalancer.go:84.112,89.2 4 0
github.com/ionos-cloud/ionosctl/pkg/resources/loadbalancer.go:91.112,95.2 3 0
github.com/ionos-cloud/ionosctl/pkg/resources/loadbalancer.go:97.109,101.2 3 0
github.com/ionos-cloud/ionosctl/pkg/resources/loadbalancer.go:103.106,107.2 3 0
github.com/ionos-cloud/ionosctl/pkg/resources/nic.go:45.69,50.2 1 1
github.com/ionos-cloud/ionosctl/pkg/resources/nic.go:52.85,56.2 3 1
github.com/ionos-cloud/ionosctl/pkg/resources/nic.go:58.91,62.2 3 1
github.com/ionos-cloud/ionosctl/pkg/resources/nic.go:64.129,76.2 4 1
github.com/ionos-cloud/ionosctl/pkg/resources/nic.go:78.115,82.2 3 1
github.com/ionos-cloud/ionosctl/pkg/resources/nic.go:84.88,88.2 3 1
github.com/ionos-cloud/ionosctl/pkg/resources/nic.go:90.96,95.2 4 0
github.com/ionos-cloud/ionosctl/pkg/resources/nic.go:97.98,101.2 3 0
github.com/ionos-cloud/ionosctl/pkg/resources/nic.go:103.101,107.2 3 0
github.com/ionos-cloud/ionosctl/pkg/resources/request.go:36.77,41.2 1 0
github.com/ionos-cloud/ionosctl/pkg/resources/request.go:43.64,47.2 3 0
github.com/ionos-cloud/ionosctl/pkg/resources/request.go:49.79,53.2 3 0
github.com/ionos-cloud/ionosctl/pkg/resources/request.go:55.91,59.2 3 0
github.com/ionos-cloud/ionosctl/pkg/resources/request.go:61.65,64.2 2 0
